apps/trading121/android/app/build/intermediates/manifest_merge_blame_file/release/manifest-merger-blame-release-report.txt
1<?xml version="1.0" encoding="utf-8"?>
2<manifest xmlns:android="http://schemas.android.com/apk/res/android"
3    package="com.grodok.trading"
4    android:versionCode="3"
5    android:versionName="1.0.0" >
6
7    <uses-sdk
8        android:minSdkVersion="21"
8-->src/main/AndroidManifest.xml
9        android:targetSdkVersion="29" />
9-->src/main/AndroidManifest.xml
10
11    <uses-permission android:name="android.permission.INTERNET" />
11-->src/main/AndroidManifest.xml:2:3-64
11-->src/main/AndroidManifest.xml:2:20-62
12    <uses-permission android:name="android.permission.SYSTEM_ALERT_WINDOW" />
12-->src/main/AndroidManifest.xml:3:3-75
12-->src/main/AndroidManifest.xml:3:20-73
13    <uses-permission android:name="android.permission.READ_PHONE_STATE" />
13-->src/main/AndroidManifest.xml:4:3-72
13-->src/main/AndroidManifest.xml:4:20-70
14    <uses-permission android:name="android.permission.VIBRATE" />
14-->src/main/AndroidManifest.xml:5:3-63
14-->src/main/AndroidManifest.xml:5:20-61
15    <uses-permission android:name="android.permission.MODIFY_AUDIO_SETTINGS" />
15-->src/main/AndroidManifest.xml:6:3-77
15-->src/main/AndroidManifest.xml:6:20-75
16    <uses-permission android:name="android.permission.READ_EXTERNAL_STORAGE" />
16-->src/main/AndroidManifest.xml:7:3-77
16-->src/main/AndroidManifest.xml:7:20-75
17    <uses-permission android:name="android.permission.WRITE_EXTERNAL_STORAGE" />
17-->src/main/AndroidManifest.xml:8:3-78
17-->src/main/AndroidManifest.xml:8:20-76
18    <uses-permission android:name="android.permission.WRITE_SETTINGS" />
18-->src/main/AndroidManifest.xml:9:3-70
18-->src/main/AndroidManifest.xml:9:20-68
19    <uses-permission android:name="android.permission.ACCESS_NETWORK_STATE" />
19-->src/main/AndroidManifest.xml:10:3-76
19-->src/main/AndroidManifest.xml:10:20-74
20    <uses-permission android:name="android.permission.WAKE_LOCK" />
20-->src/main/AndroidManifest.xml:11:3-65
20-->src/main/AndroidManifest.xml:11:20-63
21    <uses-permission android:name="com.google.android.c2dm.permission.RECEIVE" />
21-->src/main/AndroidManifest.xml:12:3-79
21-->src/main/AndroidManifest.xml:12:20-77
22    <uses-permission android:name="android.permission.RECORD_AUDIO" />
22-->src/main/AndroidManifest.xml:13:3-68
22-->src/main/AndroidManifest.xml:13:20-66
23    <uses-permission android:name="android.permission.READ_CONTACTS" />
23-->src/main/AndroidManifest.xml:14:3-69
23-->src/main/AndroidManifest.xml:14:20-67
24    <uses-permission android:name="android.permission.READ_INTERNAL_STORAGE" />
24-->src/main/AndroidManifest.xml:15:3-77
24-->src/main/AndroidManifest.xml:15:20-75
25    <uses-permission android:name="android.permission.CAMERA" />
25-->src/main/AndroidManifest.xml:16:3-62
25-->src/main/AndroidManifest.xml:16:20-60
26    <uses-permission android:name="android.permission.ACCESS_COARSE_LOCATION" />
26-->[:expo-location] AndroidManifest.xml:11:5-81
26-->[:expo-location] AndroidManifest.xml:11:22-78
27    <uses-permission android:name="android.permission.ACCESS_FINE_LOCATION" />
27-->[:expo-location] AndroidManifest.xml:12:5-79
27-->[:expo-location] AndroidManifest.xml:12:22-76
28    <uses-permission android:name="android.permission.FOREGROUND_SERVICE" />
28-->[:expo-location] AndroidManifest.xml:13:5-77
28-->[:expo-location] AndroidManifest.xml:13:22-74
29    <uses-permission android:name="com.google.android.finsky.permission.BIND_GET_INSTALL_REFERRER_SERVICE" />
29-->[com.android.installreferrer:installreferrer:1.0] AndroidManifest.xml:9:5-110
29-->[com.android.installreferrer:installreferrer:1.0] AndroidManifest.xml:9:22-107
30    <uses-permission android:name="com.google.android.providers.gsf.permission.READ_GSERVICES" />
30-->[io.nlopez.smartlocation:library:3.2.11] AndroidManifest.xml:15:5-98
30-->[io.nlopez.smartlocation:library:3.2.11] AndroidManifest.xml:15:22-95
31    <uses-permission android:name="com.google.android.gms.permission.ACTIVITY_RECOGNITION" />
31-->[io.nlopez.smartlocation:library:3.2.11] AndroidManifest.xml:16:5-94
31-->[io.nlopez.smartlocation:library:3.2.11] AndroidManifest.xml:16:22-91
32
33    <application
33-->src/main/AndroidManifest.xml:17:3-37:17
34        android:name="com.grodok.trading.MainApplication"
34-->src/main/AndroidManifest.xml:17:16-47
35        android:allowBackup="true"
35-->src/main/AndroidManifest.xml:17:162-188
36        android:appComponentFactory="androidx.core.app.CoreComponentFactory"
36-->[androidx.core:core:1.3.0] AndroidManifest.xml:24:18-86
37        android:icon="@mipmap/ic_launcher"
37-->src/main/AndroidManifest.xml:17:81-115
38        android:label="@string/app_name"
38-->src/main/AndroidManifest.xml:17:48-80
39        android:roundIcon="@mipmap/ic_launcher_round"
39-->src/main/AndroidManifest.xml:17:116-161
40        android:theme="@style/AppTheme" >
40-->src/main/AndroidManifest.xml:17:189-220
41        <meta-data
41-->src/main/AndroidManifest.xml:18:5-125
42            android:name="expo.modules.updates.EXPO_UPDATE_URL"
42-->src/main/AndroidManifest.xml:18:16-67
43            android:value="https://exp.host/@dipankar08/trading121" />
43-->src/main/AndroidManifest.xml:18:68-123
44        <meta-data
44-->src/main/AndroidManifest.xml:19:5-93
45            android:name="expo.modules.updates.EXPO_SDK_VERSION"
45-->src/main/AndroidManifest.xml:19:16-68
46            android:value="40.0.0" />
46-->src/main/AndroidManifest.xml:19:69-91
47        <meta-data
47-->src/main/AndroidManifest.xml:20:5-82
48            android:name="expo.modules.updates.ENABLED"
48-->src/main/AndroidManifest.xml:20:16-59
49            android:value="true" />
49-->src/main/AndroidManifest.xml:20:60-80
50        <meta-data
50-->src/main/AndroidManifest.xml:21:5-105
51            android:name="expo.modules.updates.EXPO_UPDATES_CHECK_ON_LAUNCH"
51-->src/main/AndroidManifest.xml:21:16-80
52            android:value="ALWAYS" />
52-->src/main/AndroidManifest.xml:21:81-103
53        <meta-data
53-->src/main/AndroidManifest.xml:22:5-99
54            android:name="expo.modules.updates.EXPO_UPDATES_LAUNCH_WAIT_MS"
54-->src/main/AndroidManifest.xml:22:16-79
55            android:value="0" />
55-->src/main/AndroidManifest.xml:22:80-97
56        <meta-data
56-->src/main/AndroidManifest.xml:23:5-98
57            android:name="expo.modules.updates.EXPO_RELEASE_CHANNEL"
57-->src/main/AndroidManifest.xml:23:16-72
58            android:value="default" />
58-->src/main/AndroidManifest.xml:23:73-96
59
60        <activity
60-->src/main/AndroidManifest.xml:24:5-35:16
61            android:name="com.grodok.trading.MainActivity"
61-->src/main/AndroidManifest.xml:24:15-43
62            android:configChanges="keyboard|keyboardHidden|orientation|screenSize|uiMode"
62-->src/main/AndroidManifest.xml:24:77-154
63            android:label="@string/app_name"
63-->src/main/AndroidManifest.xml:24:44-76
64            android:launchMode="singleTask"
64-->src/main/AndroidManifest.xml:24:155-186
65            android:screenOrientation="portrait"
65-->src/main/AndroidManifest.xml:24:276-312
66            android:theme="@style/Theme.App.SplashScreen"
66-->src/main/AndroidManifest.xml:24:230-275
67            android:windowSoftInputMode="adjustResize" >
67-->src/main/AndroidManifest.xml:24:187-229
68            <intent-filter>
68-->src/main/AndroidManifest.xml:25:7-28:23
69                <action android:name="android.intent.action.MAIN" />
69-->src/main/AndroidManifest.xml:26:9-60
69-->src/main/AndroidManifest.xml:26:17-58
70
71                <category android:name="android.intent.category.LAUNCHER" />
71-->src/main/AndroidManifest.xml:27:9-68
71-->src/main/AndroidManifest.xml:27:19-66
72            </intent-filter>
73            <intent-filter>
73-->src/main/AndroidManifest.xml:29:7-34:23
74                <action android:name="android.intent.action.VIEW" />
74-->src/main/AndroidManifest.xml:30:9-60
74-->src/main/AndroidManifest.xml:30:17-58
75
76                <category android:name="android.intent.category.DEFAULT" />
76-->src/main/AndroidManifest.xml:31:9-67
76-->src/main/AndroidManifest.xml:31:19-65
77                <category android:name="android.intent.category.BROWSABLE" />
77-->src/main/AndroidManifest.xml:32:9-69
77-->src/main/AndroidManifest.xml:32:19-67
78
79                <data android:scheme="com.grodok.trading" />
79-->src/main/AndroidManifest.xml:33:9-52
79-->src/main/AndroidManifest.xml:33:15-50
80            </intent-filter>
81        </activity>
82        <activity android:name="com.facebook.react.devsupport.DevSettingsActivity" />
82-->src/main/AndroidManifest.xml:36:5-81
82-->src/main/AndroidManifest.xml:36:15-79
83
84        <meta-data
84-->[:unimodules-react-native-adapter] AndroidManifest.xml:12:9-14:91
85            android:name="org.unimodules.core.AppLoader#react-native-headless"
85-->[:unimodules-react-native-adapter] AndroidManifest.xml:13:13-79
86            android:value="org.unimodules.adapters.react.apploader.RNHeadlessAppLoader" />
86-->[:unimodules-react-native-adapter] AndroidManifest.xml:14:13-88
87
88        <provider
88-->[:expo-file-system] AndroidManifest.xml:17:9-26:20
89            android:name="expo.modules.filesystem.FileSystemFileProvider"
89-->[:expo-file-system] AndroidManifest.xml:18:13-74
90            android:authorities="com.grodok.trading.FileSystemFileProvider"
90-->[:expo-file-system] AndroidManifest.xml:19:13-74
91            android:exported="false"
91-->[:expo-file-system] AndroidManifest.xml:20:13-37
92            android:grantUriPermissions="true" >
92-->[:expo-file-system] AndroidManifest.xml:21:13-47
93            <meta-data
93-->[:expo-file-system] AndroidManifest.xml:23:13-25:70
94                android:name="android.support.FILE_PROVIDER_PATHS"
94-->[:expo-file-system] AndroidManifest.xml:24:17-67
95                android:resource="@xml/file_system_provider_paths" />
95-->[:expo-file-system] AndroidManifest.xml:25:17-67
96        </provider>
97
98        <service
98-->[:expo-location] AndroidManifest.xml:16:9-18:40
99            android:name="expo.modules.location.services.LocationTaskService"
99-->[:expo-location] AndroidManifest.xml:17:13-78
100            android:exported="false" />
100-->[:expo-location] AndroidManifest.xml:18:13-37
101
102        <activity
102-->[com.google.android.gms:play-services-base:16.0.1] AndroidManifest.xml:23:9-26:75
103            android:name="com.google.android.gms.common.api.GoogleApiActivity"
103-->[com.google.android.gms:play-services-base:16.0.1] AndroidManifest.xml:24:13-79
104            android:exported="false"
104-->[com.google.android.gms:play-services-base:16.0.1] AndroidManifest.xml:25:13-37
105            android:theme="@android:style/Theme.Translucent.NoTitleBar" />
105-->[com.google.android.gms:play-services-base:16.0.1] AndroidManifest.xml:26:13-72
106
107        <meta-data
107-->[com.google.android.gms:play-services-basement:16.0.1] AndroidManifest.xml:23:9-25:69
108            android:name="com.google.android.gms.version"
108-->[com.google.android.gms:play-services-basement:16.0.1] AndroidManifest.xml:24:13-58
109            android:value="@integer/google_play_services_version" />
109-->[com.google.android.gms:play-services-basement:16.0.1] AndroidManifest.xml:25:13-66
110
111        <service
111-->[androidx.room:room-runtime:2.1.0] AndroidManifest.xml:25:9-27:40
112            android:name="androidx.room.MultiInstanceInvalidationService"
112-->[androidx.room:room-runtime:2.1.0] AndroidManifest.xml:26:13-74
113            android:exported="false" />
113-->[androidx.room:room-runtime:2.1.0] AndroidManifest.xml:27:13-37
114        <service
114-->[io.nlopez.smartlocation:library:3.2.11] AndroidManifest.xml:19:9-21:40
115            android:name="io.nlopez.smartlocation.activity.providers.ActivityGooglePlayServicesProvider$ActivityRecognitionService"
115-->[io.nlopez.smartlocation:library:3.2.11] AndroidManifest.xml:20:13-132
116            android:exported="false" />
116-->[io.nlopez.smartlocation:library:3.2.11] AndroidManifest.xml:21:13-37
117        <service
117-->[io.nlopez.smartlocation:library:3.2.11] AndroidManifest.xml:22:9-24:40
118            android:name="io.nlopez.smartlocation.geofencing.providers.GeofencingGooglePlayServicesProvider$GeofencingService"
118-->[io.nlopez.smartlocation:library:3.2.11] AndroidManifest.xml:23:13-127
119            android:exported="false" />
119-->[io.nlopez.smartlocation:library:3.2.11] AndroidManifest.xml:24:13-37
120        <service
120-->[io.nlopez.smartlocation:library:3.2.11] AndroidManifest.xml:25:9-27:40
121            android:name="io.nlopez.smartlocation.geocoding.providers.AndroidGeocodingProvider$AndroidGeocodingService"
121-->[io.nlopez.smartlocation:library:3.2.11] AndroidManifest.xml:26:13-120
122            android:exported="false" />
122-->[io.nlopez.smartlocation:library:3.2.11] AndroidManifest.xml:27:13-37
123    </application>
124
125</manifest>